INFO:  latexindent version 3.16, 2022-03-13, a script to indent .tex files
       latexindent lives here: /nix/store/n3mbq7gbm2m9l3kl658g86flh5wqlgqc-perl5.34.1-latexindent-3.16/bin/
       Thu Mar 23 15:38:31 2023
       Filename: /home/akhaten/Documents/github/lasp/ressources/admm/chapters/__latexindent_temp_ProximalOperator.tex
INFO:  Processing switches:
       -y|--yaml: YAML settings specified via command line
       -c|--cruft: cruft directory
INFO:  Directory for backup files and /home/akhaten/Documents/github/lasp/ressources/admm//indent.log: /home/akhaten/Documents/github/lasp/ressources/admm/
INFO:  YAML settings read: defaultSettings.yaml
       Reading defaultSettings.yaml from /nix/store/k2sw466fv50qays29hx564r04pqfbvad-texlive-latexindent-3.16/scripts/latexindent/defaultSettings.yaml
INFO:  YAML settings read: indentconfig.yaml or .indentconfig.yaml
       Home directory is /home/akhaten (didn't find either indentconfig.yaml or .indentconfig.yaml)
       To specify user settings you would put indentconfig.yaml here: /home/akhaten/indentconfig.yaml
       Alternatively, you can use the hidden file .indentconfig.yaml as: /home/akhaten/.indentconfig.yaml
INFO:  YAML settings read: -y switch
       YAML setting: defaultIndent:'    '
       single-quoted string found in -y switch: '    ', substitute to     
       Updating mainSettings with defaultIndent:     
INFO:  Phase 1: searching for objects
INFO:  Phase 2: finding surrounding indentation
INFO:  Phase 3: indenting objects
INFO:  Phase 4: final indentation check
INFO:  Output routine:
       Not outputting to file; see -w and -o switches for more options.
       --------------
INFO:  Please direct all communication/issues to:
        https://github.com/cmhughes/latexindent.pl
