This is pdfTeX, Version 3.141592653-2.6-1.40.22 (TeX Live 2021/NixOS.org) (preloaded format=pdflatex 1980.1.1)  3 JUN 2023 10:40
entering extended mode
 restricted \write18 enabled.
 file:line:error style messages enabled.
 %&-line parsing enabled.
**/home/akhaten/Documents/github/stage-irit/lasp/ressources/admm/main.tex
(/home/akhaten/Documents/github/stage-irit/lasp/ressources/admm/main.tex
LaTeX2e <2021-11-15> patch level 1
L3 programming layer <2022-02-24> (/nix/store/ry4bcw2qpix1wz8klbg7ds8h6yap3xbg-texlive-combined-full-2021-final/share/texmf/tex/latex/beamer/beamer.cls
Document Class: beamer 2022/02/08 v3.66 A class for typesetting presentations
(/nix/store/ry4bcw2qpix1wz8klbg7ds8h6yap3xbg-texlive-combined-full-2021-final/share/texmf/tex/latex/beamer/beamerbasemodes.sty (/nix/store/ry4bcw2qpix1wz8klbg7ds8h6yap3xbg-texlive-combined-full-2021-final/share/texmf/tex/latex/etoolbox/etoolbox.sty
Package: etoolbox 2020/10/05 v2.5k e-TeX tools for LaTeX (JAW)
\etb@tempcnta=\count185
)
\beamer@tempbox=\box50
\beamer@tempcount=\count186
\c@beamerpauses=\count187
 (/nix/store/ry4bcw2qpix1wz8klbg7ds8h6yap3xbg-texlive-combined-full-2021-final/share/texmf/tex/latex/beamer/beamerbasedecode.sty
\beamer@slideinframe=\count188
\beamer@minimum=\count189
\beamer@decode@box=\box51
)
\beamer@commentbox=\box52
\beamer@modecount=\count190
) (/nix/store/ry4bcw2qpix1wz8klbg7ds8h6yap3xbg-texlive-combined-full-2021-final/share/texmf/tex/generic/iftex/iftex.sty
Package: iftex 2022/02/03 v1.0f TeX engine tests
)
\headdp=\dimen138
\footheight=\dimen139
\sidebarheight=\dimen140
\beamer@tempdim=\dimen141
\beamer@finalheight=\dimen142
\beamer@animht=\dimen143
\beamer@animdp=\dimen144
\beamer@animwd=\dimen145
\beamer@leftmargin=\dimen146
\beamer@rightmargin=\dimen147
\beamer@leftsidebar=\dimen148
\beamer@rightsidebar=\dimen149
\beamer@boxsize=\dimen150
\beamer@vboxoffset=\dimen151
\beamer@descdefault=\dimen152
\beamer@descriptionwidth=\dimen153
\beamer@lastskip=\skip47
\beamer@areabox=\box53
\beamer@animcurrent=\box54
\beamer@animshowbox=\box55
\beamer@sectionbox=\box56
\beamer@logobox=\box57
\beamer@linebox=\box58
\beamer@sectioncount=\count191
\beamer@subsubsectionmax=\count192
\beamer@subsectionmax=\count193
\beamer@sectionmax=\count194
\beamer@totalheads=\count195
\beamer@headcounter=\count196
\beamer@partstartpage=\count197
\beamer@sectionstartpage=\count198
\beamer@subsectionstartpage=\count199
\beamer@animationtempa=\count266
\beamer@animationtempb=\count267
\beamer@xpos=\count268
\beamer@ypos=\count269
\beamer@ypos@offset=\count270
\beamer@showpartnumber=\count271
\beamer@currentsubsection=\count272
\beamer@coveringdepth=\count273
\beamer@sectionadjust=\count274
\beamer@toclastsection=\count275
\beamer@tocsectionnumber=\count276
 (/nix/store/ry4bcw2qpix1wz8klbg7ds8h6yap3xbg-texlive-combined-full-2021-final/share/texmf/tex/latex/beamer/beamerbaseoptions.sty (/nix/store/ry4bcw2qpix1wz8klbg7ds8h6yap3xbg-texlive-combined-full-2021-final/share/texmf/tex/latex/graphics/keyval.sty
Package: keyval 2014/10/28 v1.15 key=value parser (DPC)
\KV@toks@=\toks16
))
\beamer@paperwidth=\skip48
\beamer@paperheight=\skip49
 (/nix/store/ry4bcw2qpix1wz8klbg7ds8h6yap3xbg-texlive-combined-full-2021-final/share/texmf/tex/latex/geometry/geometry.sty
Package: geometry 2020/01/02 v5.9 Page Geometry
 (/nix/store/ry4bcw2qpix1wz8klbg7ds8h6yap3xbg-texlive-combined-full-2021-final/share/texmf/tex/generic/iftex/ifvtex.sty
Package: ifvtex 2019/10/25 v1.7 ifvtex legacy package. Use iftex instead.
)
\Gm@cnth=\count277
\Gm@cntv=\count278
\c@Gm@tempcnt=\count279
\Gm@bindingoffset=\dimen154
\Gm@wd@mp=\dimen155
\Gm@odd@mp=\dimen156
\Gm@even@mp=\dimen157
\Gm@layoutwidth=\dimen158
\Gm@layoutheight=\dimen159
\Gm@layouthoffset=\dimen160
\Gm@layoutvoffset=\dimen161
\Gm@dimlist=\toks17
) (/nix/store/ry4bcw2qpix1wz8klbg7ds8h6yap3xbg-texlive-combined-full-2021-final/share/texmf/tex/latex/pgf/math/pgfmath.sty (/nix/store/ry4bcw2qpix1wz8klbg7ds8h6yap3xbg-texlive-combined-full-2021-final/share/texmf/tex/latex/pgf/utilities/pgfrcs.sty (/nix/store/ry4bcw2qpix1wz8klbg7ds8h6yap3xbg-texlive-combined-full-2021-final/share/texmf/tex/generic/pgf/utilities/pgfutil-common.tex
\pgfutil@everybye=\toks18
\pgfutil@tempdima=\dimen162
\pgfutil@tempdimb=\dimen163
 (/nix/store/ry4bcw2qpix1wz8klbg7ds8h6yap3xbg-texlive-combined-full-2021-final/share/texmf/tex/generic/pgf/utilities/pgfutil-common-lists.tex)) (/nix/store/ry4bcw2qpix1wz8klbg7ds8h6yap3xbg-texlive-combined-full-2021-final/share/texmf/tex/generic/pgf/utilities/pgfutil-latex.def
\pgfutil@abb=\box59
) (/nix/store/ry4bcw2qpix1wz8klbg7ds8h6yap3xbg-texlive-combined-full-2021-final/share/texmf/tex/generic/pgf/utilities/pgfrcs.code.tex (/nix/store/ry4bcw2qpix1wz8klbg7ds8h6yap3xbg-texlive-combined-full-2021-final/share/texmf/tex/generic/pgf/pgf.revision.tex)
Package: pgfrcs 2021/05/15 v3.1.9a (3.1.9a)
)) (/nix/store/ry4bcw2qpix1wz8klbg7ds8h6yap3xbg-texlive-combined-full-2021-final/share/texmf/tex/latex/pgf/utilities/pgfkeys.sty (/nix/store/ry4bcw2qpix1wz8klbg7ds8h6yap3xbg-texlive-combined-full-2021-final/share/texmf/tex/generic/pgf/utilities/pgfkeys.code.tex
\pgfkeys@pathtoks=\toks19
\pgfkeys@temptoks=\toks20
 (/nix/store/ry4bcw2qpix1wz8klbg7ds8h6yap3xbg-texlive-combined-full-2021-final/share/texmf/tex/generic/pgf/utilities/pgfkeysfiltered.code.tex
\pgfkeys@tmptoks=\toks21
))) (/nix/store/ry4bcw2qpix1wz8klbg7ds8h6yap3xbg-texlive-combined-full-2021-final/share/texmf/tex/generic/pgf/math/pgfmath.code.tex (/nix/store/ry4bcw2qpix1wz8klbg7ds8h6yap3xbg-texlive-combined-full-2021-final/share/texmf/tex/generic/pgf/math/pgfmathcalc.code.tex (/nix/store/ry4bcw2qpix1wz8klbg7ds8h6yap3xbg-texlive-combined-full-2021-final/share/texmf/tex/generic/pgf/math/pgfmathutil.code.tex
\pgf@x=\dimen164
\pgf@xa=\dimen165
\pgf@xb=\dimen166
\pgf@xc=\dimen167
\pgf@y=\dimen168
\pgf@ya=\dimen169
\pgf@yb=\dimen170
\pgf@yc=\dimen171
\c@pgf@counta=\count280
\c@pgf@countb=\count281
\c@pgf@countc=\count282
\c@pgf@countd=\count283
) (/nix/store/ry4bcw2qpix1wz8klbg7ds8h6yap3xbg-texlive-combined-full-2021-final/share/texmf/tex/generic/pgf/math/pgfmathparser.code.tex
\pgfmath@dimen=\dimen172
\pgfmath@count=\count284
\pgfmath@box=\box60
\pgfmath@toks=\toks22
\pgfmath@stack@operand=\toks23
\pgfmath@stack@operation=\toks24
) (/nix/store/ry4bcw2qpix1wz8klbg7ds8h6yap3xbg-texlive-combined-full-2021-final/share/texmf/tex/generic/pgf/math/pgfmathfunctions.code.tex (/nix/store/ry4bcw2qpix1wz8klbg7ds8h6yap3xbg-texlive-combined-full-2021-final/share/texmf/tex/generic/pgf/math/pgfmathfunctions.basic.code.tex) (/nix/store/ry4bcw2qpix1wz8klbg7ds8h6yap3xbg-texlive-combined-full-2021-final/share/texmf/tex/generic/pgf/math/pgfmathfunctions.trigonometric.code.tex) (/nix/store/ry4bcw2qpix1wz8klbg7ds8h6yap3xbg-texlive-combined-full-2021-final/share/texmf/tex/generic/pgf/math/pgfmathfunctions.random.code.tex) (/nix/store/ry4bcw2qpix1wz8klbg7ds8h6yap3xbg-texlive-combined-full-2021-final/share/texmf/tex/generic/pgf/math/pgfmathfunctions.comparison.code.tex) (/nix/store/ry4bcw2qpix1wz8klbg7ds8h6yap3xbg-texlive-combined-full-2021-final/share/texmf/tex/generic/pgf/math/pgfmathfunctions.base.code.tex) (/nix/store/ry4bcw2qpix1wz8klbg7ds8h6yap3xbg-texlive-combined-full-2021-final/share/texmf/tex/generic/pgf/math/pgfmathfunctions.round.code.tex) (/nix/store/ry4bcw2qpix1wz8klbg7ds8h6yap3xbg-texlive-combined-full-2021-final/share/texmf/tex/generic/pgf/math/pgfmathfunctions.misc.code.tex) (/nix/store/ry4bcw2qpix1wz8klbg7ds8h6yap3xbg-texlive-combined-full-2021-final/share/texmf/tex/generic/pgf/math/pgfmathfunctions.integerarithmetics.code.tex))) (/nix/store/ry4bcw2qpix1wz8klbg7ds8h6yap3xbg-texlive-combined-full-2021-final/share/texmf/tex/generic/pgf/math/pgfmathfloat.code.tex
\c@pgfmathroundto@lastzeros=\count285
))) (/nix/store/ry4bcw2qpix1wz8klbg7ds8h6yap3xbg-texlive-combined-full-2021-final/share/texmf/tex/latex/base/size11.clo
File: size11.clo 2021/10/04 v1.4n Standard LaTeX file (size option)
) (/nix/store/ry4bcw2qpix1wz8klbg7ds8h6yap3xbg-texlive-combined-full-2021-final/share/texmf/tex/latex/pgf/basiclayer/pgfcore.sty (/nix/store/ry4bcw2qpix1wz8klbg7ds8h6yap3xbg-texlive-combined-full-2021-final/share/texmf/tex/latex/graphics/graphicx.sty
Package: graphicx 2021/09/16 v1.2d Enhanced LaTeX Graphics (DPC,SPQR)
 (/nix/store/ry4bcw2qpix1wz8klbg7ds8h6yap3xbg-texlive-combined-full-2021-final/share/texmf/tex/latex/graphics/graphics.sty
Package: graphics 2021/03/04 v1.4d Standard LaTeX Graphics (DPC,SPQR)
 (/nix/store/ry4bcw2qpix1wz8klbg7ds8h6yap3xbg-texlive-combined-full-2021-final/share/texmf/tex/latex/graphics/trig.sty
Package: trig 2021/08/11 v1.11 sin cos tan (DPC)
) (/nix/store/ry4bcw2qpix1wz8klbg7ds8h6yap3xbg-texlive-combined-full-2021-final/share/texmf/tex/latex/graphics-cfg/graphics.cfg
File: graphics.cfg 2016/06/04 v1.11 sample graphics configuration
)
Package graphics Info: Driver file: pdftex.def on input line 107.
 (/nix/store/ry4bcw2qpix1wz8klbg7ds8h6yap3xbg-texlive-combined-full-2021-final/share/texmf/tex/latex/graphics-def/pdftex.def
File: pdftex.def 2020/10/05 v1.2a Graphics/color driver for pdftex
))
\Gin@req@height=\dimen173
\Gin@req@width=\dimen174
) (/nix/store/ry4bcw2qpix1wz8klbg7ds8h6yap3xbg-texlive-combined-full-2021-final/share/texmf/tex/latex/pgf/systemlayer/pgfsys.sty (/nix/store/ry4bcw2qpix1wz8klbg7ds8h6yap3xbg-texlive-combined-full-2021-final/share/texmf/tex/generic/pgf/systemlayer/pgfsys.code.tex
Package: pgfsys 2021/05/15 v3.1.9a (3.1.9a)
 (/nix/store/ry4bcw2qpix1wz8klbg7ds8h6yap3xbg-texlive-combined-full-2021-final/share/texmf/tex/generic/pgf/utilities/pgfkeys.code.tex)
\pgf@x=\dimen175
\pgf@y=\dimen176
\pgf@xa=\dimen177
\pgf@ya=\dimen178
\pgf@xb=\dimen179
\pgf@yb=\dimen180
\pgf@xc=\dimen181
\pgf@yc=\dimen182
\pgf@xd=\dimen183
\pgf@yd=\dimen184
\w@pgf@writea=\write3
\r@pgf@reada=\read2
\c@pgf@counta=\count286
\c@pgf@countb=\count287
\c@pgf@countc=\count288
\c@pgf@countd=\count289
\t@pgf@toka=\toks25
\t@pgf@tokb=\toks26
\t@pgf@tokc=\toks27
\pgf@sys@id@count=\count290
 (/nix/store/ry4bcw2qpix1wz8klbg7ds8h6yap3xbg-texlive-combined-full-2021-final/share/texmf/tex/generic/pgf/systemlayer/pgf.cfg
File: pgf.cfg 2021/05/15 v3.1.9a (3.1.9a)
)
Driver file for pgf: pgfsys-pdftex.def
 (/nix/store/ry4bcw2qpix1wz8klbg7ds8h6yap3xbg-texlive-combined-full-2021-final/share/texmf/tex/generic/pgf/systemlayer/pgfsys-pdftex.def
File: pgfsys-pdftex.def 2021/05/15 v3.1.9a (3.1.9a)
 (/nix/store/ry4bcw2qpix1wz8klbg7ds8h6yap3xbg-texlive-combined-full-2021-final/share/texmf/tex/generic/pgf/systemlayer/pgfsys-common-pdf.def
File: pgfsys-common-pdf.def 2021/05/15 v3.1.9a (3.1.9a)
))) (/nix/store/ry4bcw2qpix1wz8klbg7ds8h6yap3xbg-texlive-combined-full-2021-final/share/texmf/tex/generic/pgf/systemlayer/pgfsyssoftpath.code.tex
File: pgfsyssoftpath.code.tex 2021/05/15 v3.1.9a (3.1.9a)
\pgfsyssoftpath@smallbuffer@items=\count291
\pgfsyssoftpath@bigbuffer@items=\count292
) (/nix/store/ry4bcw2qpix1wz8klbg7ds8h6yap3xbg-texlive-combined-full-2021-final/share/texmf/tex/generic/pgf/systemlayer/pgfsysprotocol.code.tex
File: pgfsysprotocol.code.tex 2021/05/15 v3.1.9a (3.1.9a)
)) (/nix/store/ry4bcw2qpix1wz8klbg7ds8h6yap3xbg-texlive-combined-full-2021-final/share/texmf/tex/latex/xcolor/xcolor.sty
Package: xcolor 2021/10/31 v2.13 LaTeX color extensions (UK)
 (/nix/store/ry4bcw2qpix1wz8klbg7ds8h6yap3xbg-texlive-combined-full-2021-final/share/texmf/tex/latex/graphics-cfg/color.cfg
File: color.cfg 2016/01/02 v1.6 sample color configuration
)
Package xcolor Info: Driver file: pdftex.def on input line 227.
Package xcolor Info: Model `cmy' substituted by `cmy0' on input line 1352.
Package xcolor Info: Model `hsb' substituted by `rgb' on input line 1356.
Package xcolor Info: Model `RGB' extended on input line 1368.
Package xcolor Info: Model `HTML' substituted by `rgb' on input line 1370.
Package xcolor Info: Model `Hsb' substituted by `hsb' on input line 1371.
Package xcolor Info: Model `tHsb' substituted by `hsb' on input line 1372.
Package xcolor Info: Model `HSB' substituted by `hsb' on input line 1373.
Package xcolor Info: Model `Gray' substituted by `gray' on input line 1374.
Package xcolor Info: Model `wave' substituted by `hsb' on input line 1375.
) (/nix/store/ry4bcw2qpix1wz8klbg7ds8h6yap3xbg-texlive-combined-full-2021-final/share/texmf/tex/generic/pgf/basiclayer/pgfcore.code.tex
Package: pgfcore 2021/05/15 v3.1.9a (3.1.9a)
 (/nix/store/ry4bcw2qpix1wz8klbg7ds8h6yap3xbg-texlive-combined-full-2021-final/share/texmf/tex/generic/pgf/math/pgfmath.code.tex) (/nix/store/ry4bcw2qpix1wz8klbg7ds8h6yap3xbg-texlive-combined-full-2021-final/share/texmf/tex/generic/pgf/math/pgfint.code.tex) (/nix/store/ry4bcw2qpix1wz8klbg7ds8h6yap3xbg-texlive-combined-full-2021-final/share/texmf/tex/generic/pgf/basiclayer/pgfcorepoints.code.tex
File: pgfcorepoints.code.tex 2021/05/15 v3.1.9a (3.1.9a)
\pgf@picminx=\dimen185
\pgf@picmaxx=\dimen186
\pgf@picminy=\dimen187
\pgf@picmaxy=\dimen188
\pgf@pathminx=\dimen189
\pgf@pathmaxx=\dimen190
\pgf@pathminy=\dimen191
\pgf@pathmaxy=\dimen192
\pgf@xx=\dimen193
\pgf@xy=\dimen194
\pgf@yx=\dimen195
\pgf@yy=\dimen196
\pgf@zx=\dimen197
\pgf@zy=\dimen198
) (/nix/store/ry4bcw2qpix1wz8klbg7ds8h6yap3xbg-texlive-combined-full-2021-final/share/texmf/tex/generic/pgf/basiclayer/pgfcorepathconstruct.code.tex
File: pgfcorepathconstruct.code.tex 2021/05/15 v3.1.9a (3.1.9a)
\pgf@path@lastx=\dimen199
\pgf@path@lasty=\dimen256
) (/nix/store/ry4bcw2qpix1wz8klbg7ds8h6yap3xbg-texlive-combined-full-2021-final/share/texmf/tex/generic/pgf/basiclayer/pgfcorepathusage.code.tex
File: pgfcorepathusage.code.tex 2021/05/15 v3.1.9a (3.1.9a)
\pgf@shorten@end@additional=\dimen257
\pgf@shorten@start@additional=\dimen258
) (/nix/store/ry4bcw2qpix1wz8klbg7ds8h6yap3xbg-texlive-combined-full-2021-final/share/texmf/tex/generic/pgf/basiclayer/pgfcorescopes.code.tex
File: pgfcorescopes.code.tex 2021/05/15 v3.1.9a (3.1.9a)
\pgfpic=\box61
\pgf@hbox=\box62
\pgf@layerbox@main=\box63
\pgf@picture@serial@count=\count293
) (/nix/store/ry4bcw2qpix1wz8klbg7ds8h6yap3xbg-texlive-combined-full-2021-final/share/texmf/tex/generic/pgf/basiclayer/pgfcoregraphicstate.code.tex
File: pgfcoregraphicstate.code.tex 2021/05/15 v3.1.9a (3.1.9a)
\pgflinewidth=\dimen259
) (/nix/store/ry4bcw2qpix1wz8klbg7ds8h6yap3xbg-texlive-combined-full-2021-final/share/texmf/tex/generic/pgf/basiclayer/pgfcoretransformations.code.tex
File: pgfcoretransformations.code.tex 2021/05/15 v3.1.9a (3.1.9a)
\pgf@pt@x=\dimen260
\pgf@pt@y=\dimen261
\pgf@pt@temp=\dimen262
) (/nix/store/ry4bcw2qpix1wz8klbg7ds8h6yap3xbg-texlive-combined-full-2021-final/share/texmf/tex/generic/pgf/basiclayer/pgfcorequick.code.tex
File: pgfcorequick.code.tex 2021/05/15 v3.1.9a (3.1.9a)
) (/nix/store/ry4bcw2qpix1wz8klbg7ds8h6yap3xbg-texlive-combined-full-2021-final/share/texmf/tex/generic/pgf/basiclayer/pgfcoreobjects.code.tex
File: pgfcoreobjects.code.tex 2021/05/15 v3.1.9a (3.1.9a)
) (/nix/store/ry4bcw2qpix1wz8klbg7ds8h6yap3xbg-texlive-combined-full-2021-final/share/texmf/tex/generic/pgf/basiclayer/pgfcorepathprocessing.code.tex
File: pgfcorepathprocessing.code.tex 2021/05/15 v3.1.9a (3.1.9a)
) (/nix/store/ry4bcw2qpix1wz8klbg7ds8h6yap3xbg-texlive-combined-full-2021-final/share/texmf/tex/generic/pgf/basiclayer/pgfcorearrows.code.tex
File: pgfcorearrows.code.tex 2021/05/15 v3.1.9a (3.1.9a)
\pgfarrowsep=\dimen263
) (/nix/store/ry4bcw2qpix1wz8klbg7ds8h6yap3xbg-texlive-combined-full-2021-final/share/texmf/tex/generic/pgf/basiclayer/pgfcoreshade.code.tex
File: pgfcoreshade.code.tex 2021/05/15 v3.1.9a (3.1.9a)
\pgf@max=\dimen264
\pgf@sys@shading@range@num=\count294
\pgf@shadingcount=\count295
) (/nix/store/ry4bcw2qpix1wz8klbg7ds8h6yap3xbg-texlive-combined-full-2021-final/share/texmf/tex/generic/pgf/basiclayer/pgfcoreimage.code.tex
File: pgfcoreimage.code.tex 2021/05/15 v3.1.9a (3.1.9a)
 (/nix/store/ry4bcw2qpix1wz8klbg7ds8h6yap3xbg-texlive-combined-full-2021-final/share/texmf/tex/generic/pgf/basiclayer/pgfcoreexternal.code.tex
File: pgfcoreexternal.code.tex 2021/05/15 v3.1.9a (3.1.9a)
\pgfexternal@startupbox=\box64
)) (/nix/store/ry4bcw2qpix1wz8klbg7ds8h6yap3xbg-texlive-combined-full-2021-final/share/texmf/tex/generic/pgf/basiclayer/pgfcorelayers.code.tex
File: pgfcorelayers.code.tex 2021/05/15 v3.1.9a (3.1.9a)
) (/nix/store/ry4bcw2qpix1wz8klbg7ds8h6yap3xbg-texlive-combined-full-2021-final/share/texmf/tex/generic/pgf/basiclayer/pgfcoretransparency.code.tex
File: pgfcoretransparency.code.tex 2021/05/15 v3.1.9a (3.1.9a)
) (/nix/store/ry4bcw2qpix1wz8klbg7ds8h6yap3xbg-texlive-combined-full-2021-final/share/texmf/tex/generic/pgf/basiclayer/pgfcorepatterns.code.tex
File: pgfcorepatterns.code.tex 2021/05/15 v3.1.9a (3.1.9a)
) (/nix/store/ry4bcw2qpix1wz8klbg7ds8h6yap3xbg-texlive-combined-full-2021-final/share/texmf/tex/generic/pgf/basiclayer/pgfcorerdf.code.tex
File: pgfcorerdf.code.tex 2021/05/15 v3.1.9a (3.1.9a)
))) (/nix/store/ry4bcw2qpix1wz8klbg7ds8h6yap3xbg-texlive-combined-full-2021-final/share/texmf/tex/latex/pgf/utilities/xxcolor.sty
Package: xxcolor 2003/10/24 ver 0.1
\XC@nummixins=\count296
\XC@countmixins=\count297
) (/nix/store/ry4bcw2qpix1wz8klbg7ds8h6yap3xbg-texlive-combined-full-2021-final/share/texmf/tex/latex/base/atbegshi-ltx.sty
Package: atbegshi-ltx 2021/01/10 v1.0c Emulation of the original atbegshi
package with kernel methods
) (/nix/store/ry4bcw2qpix1wz8klbg7ds8h6yap3xbg-texlive-combined-full-2021-final/share/texmf/tex/latex/hyperref/hyperref.sty
Package: hyperref 2022-02-21 v7.00n Hypertext links for LaTeX
 (/nix/store/ry4bcw2qpix1wz8klbg7ds8h6yap3xbg-texlive-combined-full-2021-final/share/texmf/tex/generic/ltxcmds/ltxcmds.sty
Package: ltxcmds 2020-05-10 v1.25 LaTeX kernel commands for general use (HO)
) (/nix/store/ry4bcw2qpix1wz8klbg7ds8h6yap3xbg-texlive-combined-full-2021-final/share/texmf/tex/generic/pdftexcmds/pdftexcmds.sty
Package: pdftexcmds 2020-06-27 v0.33 Utility functions of pdfTeX for LuaTeX (HO)

(/nix/store/ry4bcw2qpix1wz8klbg7ds8h6yap3xbg-texlive-combined-full-2021-final/share/texmf/tex/generic/infwarerr/infwarerr.sty
Package: infwarerr 2019/12/03 v1.5 Providing info/warning/error messages (HO)
)
Package pdftexcmds Info: \pdf@primitive is available.
Package pdftexcmds Info: \pdf@ifprimitive is available.
Package pdftexcmds Info: \pdfdraftmode found.
) (/nix/store/ry4bcw2qpix1wz8klbg7ds8h6yap3xbg-texlive-combined-full-2021-final/share/texmf/tex/generic/kvsetkeys/kvsetkeys.sty
Package: kvsetkeys 2019/12/15 v1.18 Key value parser (HO)
) (/nix/store/ry4bcw2qpix1wz8klbg7ds8h6yap3xbg-texlive-combined-full-2021-final/share/texmf/tex/generic/kvdefinekeys/kvdefinekeys.sty
Package: kvdefinekeys 2019-12-19 v1.6 Define keys (HO)
) (/nix/store/ry4bcw2qpix1wz8klbg7ds8h6yap3xbg-texlive-combined-full-2021-final/share/texmf/tex/generic/pdfescape/pdfescape.sty
Package: pdfescape 2019/12/09 v1.15 Implements pdfTeX's escape features (HO)
) (/nix/store/ry4bcw2qpix1wz8klbg7ds8h6yap3xbg-texlive-combined-full-2021-final/share/texmf/tex/latex/hycolor/hycolor.sty
Package: hycolor 2020-01-27 v1.10 Color options for hyperref/bookmark (HO)
) (/nix/store/ry4bcw2qpix1wz8klbg7ds8h6yap3xbg-texlive-combined-full-2021-final/share/texmf/tex/latex/letltxmacro/letltxmacro.sty
Package: letltxmacro 2019/12/03 v1.6 Let assignment for LaTeX macros (HO)
) (/nix/store/ry4bcw2qpix1wz8klbg7ds8h6yap3xbg-texlive-combined-full-2021-final/share/texmf/tex/latex/auxhook/auxhook.sty
Package: auxhook 2019-12-17 v1.6 Hooks for auxiliary files (HO)
) (/nix/store/ry4bcw2qpix1wz8klbg7ds8h6yap3xbg-texlive-combined-full-2021-final/share/texmf/tex/latex/kvoptions/kvoptions.sty
Package: kvoptions 2020-10-07 v3.14 Key value format for package options (HO)
)
\@linkdim=\dimen265
\Hy@linkcounter=\count298
\Hy@pagecounter=\count299
 (/nix/store/ry4bcw2qpix1wz8klbg7ds8h6yap3xbg-texlive-combined-full-2021-final/share/texmf/tex/latex/hyperref/pd1enc.def
File: pd1enc.def 2022-02-21 v7.00n Hyperref: PDFDocEncoding definition (HO)
Now handling font encoding PD1 ...
... no UTF-8 mapping file for font encoding PD1
) (/nix/store/ry4bcw2qpix1wz8klbg7ds8h6yap3xbg-texlive-combined-full-2021-final/share/texmf/tex/generic/intcalc/intcalc.sty
Package: intcalc 2019/12/15 v1.3 Expandable calculations with integers (HO)
) (/nix/store/ry4bcw2qpix1wz8klbg7ds8h6yap3xbg-texlive-combined-full-2021-final/share/texmf/tex/generic/etexcmds/etexcmds.sty
Package: etexcmds 2019/12/15 v1.7 Avoid name clashes with e-TeX commands (HO)
)
\Hy@SavedSpaceFactor=\count300
 (/nix/store/ry4bcw2qpix1wz8klbg7ds8h6yap3xbg-texlive-combined-full-2021-final/share/texmf/tex/latex/hyperref/puenc.def
File: puenc.def 2022-02-21 v7.00n Hyperref: PDF Unicode definition (HO)
Now handling font encoding PU ...
... no UTF-8 mapping file for font encoding PU
)
Package hyperref Info: Option `bookmarks' set `true' on input line 4018.
Package hyperref Info: Option `bookmarksopen' set `true' on input line 4018.
Package hyperref Info: Option `implicit' set `false' on input line 4018.
Package hyperref Info: Hyper figures OFF on input line 4137.
Package hyperref Info: Link nesting OFF on input line 4142.
Package hyperref Info: Hyper index ON on input line 4145.
Package hyperref Info: Plain pages OFF on input line 4152.
Package hyperref Info: Backreferencing OFF on input line 4157.
Package hyperref Info: Implicit mode OFF; no redefinition of LaTeX internals.
Package hyperref Info: Bookmarks ON on input line 4390.
\c@Hy@tempcnt=\count301
 (/nix/store/ry4bcw2qpix1wz8klbg7ds8h6yap3xbg-texlive-combined-full-2021-final/share/texmf/tex/latex/url/url.sty
\Urlmuskip=\muskip16
Package: url 2013/09/16  ver 3.4  Verb mode for urls, etc.
)
LaTeX Info: Redefining \url on input line 4749.
\XeTeXLinkMargin=\dimen266
 (/nix/store/ry4bcw2qpix1wz8klbg7ds8h6yap3xbg-texlive-combined-full-2021-final/share/texmf/tex/generic/bitset/bitset.sty
Package: bitset 2019/12/09 v1.3 Handle bit-vector datatype (HO)
 (/nix/store/ry4bcw2qpix1wz8klbg7ds8h6yap3xbg-texlive-combined-full-2021-final/share/texmf/tex/generic/bigintcalc/bigintcalc.sty
Package: bigintcalc 2019/12/15 v1.5 Expandable calculations on big integers (HO)
))
\Fld@menulength=\count302
\Field@Width=\dimen267
\Fld@charsize=\dimen268
Package hyperref Info: Hyper figures OFF on input line 6027.
Package hyperref Info: Link nesting OFF on input line 6032.
Package hyperref Info: Hyper index ON on input line 6035.
Package hyperref Info: backreferencing OFF on input line 6042.
Package hyperref Info: Link coloring OFF on input line 6047.
Package hyperref Info: Link coloring with OCG OFF on input line 6052.
Package hyperref Info: PDF/A mode OFF on input line 6057.
LaTeX Info: Redefining \ref on input line 6097.
LaTeX Info: Redefining \pageref on input line 6101.
\Hy@abspage=\count303


Package hyperref Message: Stopped early.

)
Package hyperref Info: Driver (autodetected): hpdftex.
 (/nix/store/ry4bcw2qpix1wz8klbg7ds8h6yap3xbg-texlive-combined-full-2021-final/share/texmf/tex/latex/hyperref/hpdftex.def
File: hpdftex.def 2022-02-21 v7.00n Hyperref driver for pdfTeX
 (/nix/store/ry4bcw2qpix1wz8klbg7ds8h6yap3xbg-texlive-combined-full-2021-final/share/texmf/tex/latex/base/atveryend-ltx.sty
Package: atveryend-ltx 2020/08/19 v1.0a Emulation of the original atveryend package
with kernel methods
)
\Fld@listcount=\count304
\c@bookmark@seq@number=\count305
 (/nix/store/ry4bcw2qpix1wz8klbg7ds8h6yap3xbg-texlive-combined-full-2021-final/share/texmf/tex/latex/rerunfilecheck/rerunfilecheck.sty
Package: rerunfilecheck 2019/12/05 v1.9 Rerun checks for auxiliary files (HO)
 (/nix/store/ry4bcw2qpix1wz8klbg7ds8h6yap3xbg-texlive-combined-full-2021-final/share/texmf/tex/generic/uniquecounter/uniquecounter.sty
Package: uniquecounter 2019/12/15 v1.4 Provide unlimited unique counter (HO)
)
Package uniquecounter Info: New unique counter `rerunfilecheck' on input line 286.
)) (/nix/store/ry4bcw2qpix1wz8klbg7ds8h6yap3xbg-texlive-combined-full-2021-final/share/texmf/tex/latex/beamer/beamerbaserequires.sty (/nix/store/ry4bcw2qpix1wz8klbg7ds8h6yap3xbg-texlive-combined-full-2021-final/share/texmf/tex/latex/beamer/beamerbasecompatibility.sty) (/nix/store/ry4bcw2qpix1wz8klbg7ds8h6yap3xbg-texlive-combined-full-2021-final/share/texmf/tex/latex/beamer/beamerbasefont.sty (/nix/store/ry4bcw2qpix1wz8klbg7ds8h6yap3xbg-texlive-combined-full-2021-final/share/texmf/tex/latex/amsfonts/amssymb.sty
Package: amssymb 2013/01/14 v3.01 AMS font symbols
 (/nix/store/ry4bcw2qpix1wz8klbg7ds8h6yap3xbg-texlive-combined-full-2021-final/share/texmf/tex/latex/amsfonts/amsfonts.sty
Package: amsfonts 2013/01/14 v3.01 Basic AMSFonts support
\@emptytoks=\toks28
\symAMSa=\mathgroup4
\symAMSb=\mathgroup5
LaTeX Font Info:    Redeclaring math symbol \hbar on input line 98.
LaTeX Font Info:    Overwriting math alphabet `\mathfrak' in version `bold'
(Font)                  U/euf/m/n --> U/euf/b/n on input line 106.
)) (/nix/store/ry4bcw2qpix1wz8klbg7ds8h6yap3xbg-texlive-combined-full-2021-final/share/texmf/tex/latex/sansmathaccent/sansmathaccent.sty
Package: sansmathaccent 2020/01/31
 (/nix/store/ry4bcw2qpix1wz8klbg7ds8h6yap3xbg-texlive-combined-full-2021-final/share/texmf/tex/latex/koma-script/scrlfile.sty
Package: scrlfile 2021/11/13 v3.35 KOMA-Script package (file load hooks)
 (/nix/store/ry4bcw2qpix1wz8klbg7ds8h6yap3xbg-texlive-combined-full-2021-final/share/texmf/tex/latex/koma-script/scrlfile-hook.sty
Package: scrlfile-hook 2021/11/13 v3.35 KOMA-Script package (using LaTeX hooks)
 (/nix/store/ry4bcw2qpix1wz8klbg7ds8h6yap3xbg-texlive-combined-full-2021-final/share/texmf/tex/latex/koma-script/scrlogo.sty
Package: scrlogo 2021/11/13 v3.35 KOMA-Script package (logo)
))))) (/nix/store/ry4bcw2qpix1wz8klbg7ds8h6yap3xbg-texlive-combined-full-2021-final/share/texmf/tex/latex/beamer/beamerbasetranslator.sty (/nix/store/ry4bcw2qpix1wz8klbg7ds8h6yap3xbg-texlive-combined-full-2021-final/share/texmf/tex/latex/translator/translator.sty
Package: translator 2021-05-31 v1.12d Easy translation of strings in LaTeX
)) (/nix/store/ry4bcw2qpix1wz8klbg7ds8h6yap3xbg-texlive-combined-full-2021-final/share/texmf/tex/latex/beamer/beamerbasemisc.sty) (/nix/store/ry4bcw2qpix1wz8klbg7ds8h6yap3xbg-texlive-combined-full-2021-final/share/texmf/tex/latex/beamer/beamerbasetwoscreens.sty) (/nix/store/ry4bcw2qpix1wz8klbg7ds8h6yap3xbg-texlive-combined-full-2021-final/share/texmf/tex/latex/beamer/beamerbaseoverlay.sty
\beamer@argscount=\count306
\beamer@lastskipcover=\skip50
\beamer@trivlistdepth=\count307
) (/nix/store/ry4bcw2qpix1wz8klbg7ds8h6yap3xbg-texlive-combined-full-2021-final/share/texmf/tex/latex/beamer/beamerbasetitle.sty) (/nix/store/ry4bcw2qpix1wz8klbg7ds8h6yap3xbg-texlive-combined-full-2021-final/share/texmf/tex/latex/beamer/beamerbasesection.sty
\c@lecture=\count308
\c@part=\count309
\c@section=\count310
\c@subsection=\count311
\c@subsubsection=\count312
) (/nix/store/ry4bcw2qpix1wz8klbg7ds8h6yap3xbg-texlive-combined-full-2021-final/share/texmf/tex/latex/beamer/beamerbaseframe.sty
\beamer@framebox=\box65
\beamer@frametitlebox=\box66
\beamer@zoombox=\box67
\beamer@zoomcount=\count313
\beamer@zoomframecount=\count314
\beamer@frametextheight=\dimen269
\c@subsectionslide=\count315
\beamer@frametopskip=\skip51
\beamer@framebottomskip=\skip52
\beamer@frametopskipautobreak=\skip53
\beamer@framebottomskipautobreak=\skip54
\beamer@envbody=\toks29
\framewidth=\dimen270
\c@framenumber=\count316
) (/nix/store/ry4bcw2qpix1wz8klbg7ds8h6yap3xbg-texlive-combined-full-2021-final/share/texmf/tex/latex/beamer/beamerbaseverbatim.sty
\beamer@verbatimfileout=\write4
) (/nix/store/ry4bcw2qpix1wz8klbg7ds8h6yap3xbg-texlive-combined-full-2021-final/share/texmf/tex/latex/beamer/beamerbaseframesize.sty
\beamer@splitbox=\box68
\beamer@autobreakcount=\count317
\beamer@autobreaklastheight=\dimen271
\beamer@frametitletoks=\toks30
\beamer@framesubtitletoks=\toks31
) (/nix/store/ry4bcw2qpix1wz8klbg7ds8h6yap3xbg-texlive-combined-full-2021-final/share/texmf/tex/latex/beamer/beamerbaseframecomponents.sty
\beamer@footins=\box69
) (/nix/store/ry4bcw2qpix1wz8klbg7ds8h6yap3xbg-texlive-combined-full-2021-final/share/texmf/tex/latex/beamer/beamerbasecolor.sty) (/nix/store/ry4bcw2qpix1wz8klbg7ds8h6yap3xbg-texlive-combined-full-2021-final/share/texmf/tex/latex/beamer/beamerbasenotes.sty
\beamer@frameboxcopy=\box70
) (/nix/store/ry4bcw2qpix1wz8klbg7ds8h6yap3xbg-texlive-combined-full-2021-final/share/texmf/tex/latex/beamer/beamerbasetoc.sty) (/nix/store/ry4bcw2qpix1wz8klbg7ds8h6yap3xbg-texlive-combined-full-2021-final/share/texmf/tex/latex/beamer/beamerbasetemplates.sty
\beamer@sbttoks=\toks32
 (/nix/store/ry4bcw2qpix1wz8klbg7ds8h6yap3xbg-texlive-combined-full-2021-final/share/texmf/tex/latex/beamer/beamerbaseauxtemplates.sty (/nix/store/ry4bcw2qpix1wz8klbg7ds8h6yap3xbg-texlive-combined-full-2021-final/share/texmf/tex/latex/beamer/beamerbaseboxes.sty
\bmb@box=\box71
\bmb@colorbox=\box72
\bmb@boxwidth=\dimen272
\bmb@boxheight=\dimen273
\bmb@prevheight=\dimen274
\bmb@temp=\dimen275
\bmb@dima=\dimen276
\bmb@dimb=\dimen277
\bmb@prevheight=\dimen278
)
\beamer@blockheadheight=\dimen279
)) (/nix/store/ry4bcw2qpix1wz8klbg7ds8h6yap3xbg-texlive-combined-full-2021-final/share/texmf/tex/latex/beamer/beamerbaselocalstructure.sty (/nix/store/ry4bcw2qpix1wz8klbg7ds8h6yap3xbg-texlive-combined-full-2021-final/share/texmf/tex/latex/tools/enumerate.sty
Package: enumerate 2015/07/23 v3.00 enumerate extensions (DPC)
\@enLab=\toks33
)
\beamer@bibiconwidth=\skip55
\c@figure=\count318
\c@table=\count319
\abovecaptionskip=\skip56
\belowcaptionskip=\skip57
) (/nix/store/ry4bcw2qpix1wz8klbg7ds8h6yap3xbg-texlive-combined-full-2021-final/share/texmf/tex/latex/beamer/beamerbasenavigation.sty
\beamer@section@min@dim=\dimen280
) (/nix/store/ry4bcw2qpix1wz8klbg7ds8h6yap3xbg-texlive-combined-full-2021-final/share/texmf/tex/latex/beamer/beamerbasetheorems.sty (/nix/store/ry4bcw2qpix1wz8klbg7ds8h6yap3xbg-texlive-combined-full-2021-final/share/texmf/tex/latex/amsmath/amsmath.sty
Package: amsmath 2021/10/15 v2.17l AMS math features
\@mathmargin=\skip58

For additional information on amsmath, use the `?' option.
(/nix/store/ry4bcw2qpix1wz8klbg7ds8h6yap3xbg-texlive-combined-full-2021-final/share/texmf/tex/latex/amsmath/amstext.sty
Package: amstext 2021/08/26 v2.01 AMS text
 (/nix/store/ry4bcw2qpix1wz8klbg7ds8h6yap3xbg-texlive-combined-full-2021-final/share/texmf/tex/latex/amsmath/amsgen.sty
File: amsgen.sty 1999/11/30 v2.0 generic functions
\@emptytoks=\toks34
\ex@=\dimen281
)) (/nix/store/ry4bcw2qpix1wz8klbg7ds8h6yap3xbg-texlive-combined-full-2021-final/share/texmf/tex/latex/amsmath/amsbsy.sty
Package: amsbsy 1999/11/29 v1.2d Bold Symbols
\pmbraise@=\dimen282
) (/nix/store/ry4bcw2qpix1wz8klbg7ds8h6yap3xbg-texlive-combined-full-2021-final/share/texmf/tex/latex/amsmath/amsopn.sty
Package: amsopn 2021/08/26 v2.02 operator names
)
\inf@bad=\count320
LaTeX Info: Redefining \frac on input line 234.
\uproot@=\count321
\leftroot@=\count322
LaTeX Info: Redefining \overline on input line 399.
\classnum@=\count323
\DOTSCASE@=\count324
LaTeX Info: Redefining \ldots on input line 496.
LaTeX Info: Redefining \dots on input line 499.
LaTeX Info: Redefining \cdots on input line 620.
\Mathstrutbox@=\box73
\strutbox@=\box74
\big@size=\dimen283
LaTeX Font Info:    Redeclaring font encoding OML on input line 743.
LaTeX Font Info:    Redeclaring font encoding OMS on input line 744.
\macc@depth=\count325
\c@MaxMatrixCols=\count326
\dotsspace@=\muskip17
\c@parentequation=\count327
\dspbrk@lvl=\count328
\tag@help=\toks35
\row@=\count329
\column@=\count330
\maxfields@=\count331
\andhelp@=\toks36
\eqnshift@=\dimen284
\alignsep@=\dimen285
\tagshift@=\dimen286
\tagwidth@=\dimen287
\totwidth@=\dimen288
\lineht@=\dimen289
\@envbody=\toks37
\multlinegap=\skip59
\multlinetaggap=\skip60
\mathdisplay@stack=\toks38
LaTeX Info: Redefining \[ on input line 2938.
LaTeX Info: Redefining \] on input line 2939.
) (/nix/store/ry4bcw2qpix1wz8klbg7ds8h6yap3xbg-texlive-combined-full-2021-final/share/texmf/tex/latex/amscls/amsthm.sty
Package: amsthm 2020/05/29 v2.20.6
\thm@style=\toks39
\thm@bodyfont=\toks40
\thm@headfont=\toks41
\thm@notefont=\toks42
\thm@headpunct=\toks43
\thm@preskip=\skip61
\thm@postskip=\skip62
\thm@headsep=\skip63
\dth@everypar=\toks44
)
\c@theorem=\count332
) (/nix/store/ry4bcw2qpix1wz8klbg7ds8h6yap3xbg-texlive-combined-full-2021-final/share/texmf/tex/latex/beamer/beamerbasethemes.sty)) (/nix/store/ry4bcw2qpix1wz8klbg7ds8h6yap3xbg-texlive-combined-full-2021-final/share/texmf/tex/latex/beamer/beamerthemedefault.sty (/nix/store/ry4bcw2qpix1wz8klbg7ds8h6yap3xbg-texlive-combined-full-2021-final/share/texmf/tex/latex/beamer/beamerfontthemedefault.sty) (/nix/store/ry4bcw2qpix1wz8klbg7ds8h6yap3xbg-texlive-combined-full-2021-final/share/texmf/tex/latex/beamer/beamercolorthemedefault.sty) (/nix/store/ry4bcw2qpix1wz8klbg7ds8h6yap3xbg-texlive-combined-full-2021-final/share/texmf/tex/latex/beamer/beamerinnerthemedefault.sty
\beamer@dima=\dimen290
\beamer@dimb=\dimen291
) (/nix/store/ry4bcw2qpix1wz8klbg7ds8h6yap3xbg-texlive-combined-full-2021-final/share/texmf/tex/latex/beamer/beamerouterthemedefault.sty))) (/nix/store/ry4bcw2qpix1wz8klbg7ds8h6yap3xbg-texlive-combined-full-2021-final/share/texmf/tex/generic/babel/babel.sty
Package: babel 2022/02/26 3.73 The Babel package
\babel@savecnt=\count333
\U@D=\dimen292
\l@unhyphenated=\language87
 (/nix/store/ry4bcw2qpix1wz8klbg7ds8h6yap3xbg-texlive-combined-full-2021-final/share/texmf/tex/generic/babel/txtbabel.def)
\bbl@readstream=\read3
LaTeX Info: Redefining \textlatin on input line 3969.
\bbl@dirlevel=\count334
 (/nix/store/ry4bcw2qpix1wz8klbg7ds8h6yap3xbg-texlive-combined-full-2021-final/share/texmf/tex/generic/babel-english/english.ldf
Language: english 2017/06/06 v3.3r English support from the babel system
Package babel Info: Hyphen rules for 'canadian' set to \l@english
(babel)             (\language0). Reported on input line 102.
Package babel Info: Hyphen rules for 'australian' set to \l@ukenglish
(babel)             (\language21). Reported on input line 105.
Package babel Info: Hyphen rules for 'newzealand' set to \l@ukenglish
(babel)             (\language21). Reported on input line 108.
)) (/nix/store/ry4bcw2qpix1wz8klbg7ds8h6yap3xbg-texlive-combined-full-2021-final/share/texmf/tex/latex/algorithms/algorithm.sty
Package: algorithm 2009/08/24 v0.1 Document Style `algorithm' - floating environment
 (/nix/store/ry4bcw2qpix1wz8klbg7ds8h6yap3xbg-texlive-combined-full-2021-final/share/texmf/tex/latex/float/float.sty
Package: float 2001/11/08 v1.3d Float enhancements (AL)
\c@float@type=\count335
\float@exts=\toks45
\float@box=\box75
\@float@everytoks=\toks46
\@floatcapt=\box76
) (/nix/store/ry4bcw2qpix1wz8klbg7ds8h6yap3xbg-texlive-combined-full-2021-final/share/texmf/tex/latex/base/ifthen.sty
Package: ifthen 2020/11/24 v1.1c Standard LaTeX ifthen package (DPC)
)
\@float@every@algorithm=\toks47
\c@algorithm=\count336
) (/nix/store/ry4bcw2qpix1wz8klbg7ds8h6yap3xbg-texlive-combined-full-2021-final/share/texmf/tex/latex/algorithmicx/algpseudocode.sty
Package: algpseudocode 
 (/nix/store/ry4bcw2qpix1wz8klbg7ds8h6yap3xbg-texlive-combined-full-2021-final/share/texmf/tex/latex/algorithmicx/algorithmicx.sty
Package: algorithmicx 2005/04/27 v1.2 Algorithmicx

Document Style algorithmicx 1.2 - a greatly improved `algorithmic' style
\c@ALG@line=\count337
\c@ALG@rem=\count338
\c@ALG@nested=\count339
\ALG@tlm=\skip64
\ALG@thistlm=\skip65
\c@ALG@Lnr=\count340
\c@ALG@blocknr=\count341
\c@ALG@storecount=\count342
\c@ALG@tmpcounter=\count343
\ALG@tmplength=\skip66
)
Document Style - pseudocode environments for use with the `algorithmicx' style
) (./chapters/preamble.tex (/nix/store/ry4bcw2qpix1wz8klbg7ds8h6yap3xbg-texlive-combined-full-2021-final/share/texmf/tex/latex/mathtools/mathtools.sty
Package: mathtools 2022/02/07 v1.28a mathematical typesetting tools
 (/nix/store/ry4bcw2qpix1wz8klbg7ds8h6yap3xbg-texlive-combined-full-2021-final/share/texmf/tex/latex/tools/calc.sty
Package: calc 2017/05/25 v4.3 Infix arithmetic (KKT,FJ)
\calc@Acount=\count344
\calc@Bcount=\count345
\calc@Adimen=\dimen293
\calc@Bdimen=\dimen294
\calc@Askip=\skip67
\calc@Bskip=\skip68
LaTeX Info: Redefining \setlength on input line 80.
LaTeX Info: Redefining \addtolength on input line 81.
\calc@Ccount=\count346
\calc@Cskip=\skip69
) (/nix/store/ry4bcw2qpix1wz8klbg7ds8h6yap3xbg-texlive-combined-full-2021-final/share/texmf/tex/latex/mathtools/mhsetup.sty
Package: mhsetup 2021/03/18 v1.4 programming setup (MH)
)
\g_MT_multlinerow_int=\count347
\l_MT_multwidth_dim=\dimen295
\origjot=\skip70
\l_MT_shortvdotswithinadjustabove_dim=\dimen296
\l_MT_shortvdotswithinadjustbelow_dim=\dimen297
\l_MT_above_intertext_sep=\dimen298
\l_MT_below_intertext_sep=\dimen299
\l_MT_above_shortintertext_sep=\dimen300
\l_MT_below_shortintertext_sep=\dimen301
\xmathstrut@box=\box77
\xmathstrut@dim=\dimen302
) (/nix/store/ry4bcw2qpix1wz8klbg7ds8h6yap3xbg-texlive-combined-full-2021-final/share/texmf/tex/latex/physics/physics.sty
Package: physics 
 (/nix/store/ry4bcw2qpix1wz8klbg7ds8h6yap3xbg-texlive-combined-full-2021-final/share/texmf/tex/latex/l3packages/xparse/xparse.sty (/nix/store/ry4bcw2qpix1wz8klbg7ds8h6yap3xbg-texlive-combined-full-2021-final/share/texmf/tex/latex/l3kernel/expl3.sty
Package: expl3 2022-02-24 L3 programming layer (loader) 
 (/nix/store/ry4bcw2qpix1wz8klbg7ds8h6yap3xbg-texlive-combined-full-2021-final/share/texmf/tex/latex/l3backend/l3backend-pdftex.def
File: l3backend-pdftex.def 2022-02-07 L3 backend support: PDF output (pdfTeX)
\l__color_backend_stack_int=\count348
\l__pdf_internal_box=\box78
))
Package: xparse 2022-01-12 L3 Experimental document command parser
)) (/nix/store/ry4bcw2qpix1wz8klbg7ds8h6yap3xbg-texlive-combined-full-2021-final/share/texmf/tex/latex/fundus-calligra/calligra.sty
Package: calligra 2012/04/10 v1.9 LaTeX package calligra
) (/nix/store/ry4bcw2qpix1wz8klbg7ds8h6yap3xbg-texlive-combined-full-2021-final/share/texmf/tex/latex/csquotes/csquotes.sty
Package: csquotes 2021-02-22 v5.2l context-sensitive quotations (JAW)
\csq@reset=\count349
\csq@gtype=\count350
\csq@glevel=\count351
\csq@qlevel=\count352
\csq@maxlvl=\count353
\csq@tshold=\count354
\csq@ltx@everypar=\toks48
 (/nix/store/ry4bcw2qpix1wz8klbg7ds8h6yap3xbg-texlive-combined-full-2021-final/share/texmf/tex/latex/csquotes/csquotes.def
File: csquotes.def 2021-02-22 v5.2l csquotes generic definitions (JAW)
)
Package csquotes Info: Trying to load configuration file 'csquotes.cfg'...
Package csquotes Info: ... configuration file loaded successfully.
 (/nix/store/ry4bcw2qpix1wz8klbg7ds8h6yap3xbg-texlive-combined-full-2021-final/share/texmf/tex/latex/csquotes/csquotes.cfg
File: csquotes.cfg 
)) (/nix/store/ry4bcw2qpix1wz8klbg7ds8h6yap3xbg-texlive-combined-full-2021-final/share/texmf/tex/latex/tensor/tensor.sty
Package: tensor 2004/12/20 v2.1 tensor indices package (PGR)
\tnsr@Sps=\toks49
\tnsr@Sbs=\toks50
\tnsr@Spe=\toks51
\tnsr@Sbe=\toks52
\ncld@Mno=\toks53
) (/nix/store/ry4bcw2qpix1wz8klbg7ds8h6yap3xbg-texlive-combined-full-2021-final/share/texmf/tex/latex/cancel/cancel.sty
Package: cancel 2013/04/12 v2.2 Cancel math terms
) (/nix/store/ry4bcw2qpix1wz8klbg7ds8h6yap3xbg-texlive-combined-full-2021-final/share/texmf/tex/latex/tcolorbox/tcolorbox.sty
Package: tcolorbox 2022/01/07 version 5.0.2 text color boxes
 (/nix/store/ry4bcw2qpix1wz8klbg7ds8h6yap3xbg-texlive-combined-full-2021-final/share/texmf/tex/latex/pgf/basiclayer/pgf.sty
Package: pgf 2021/05/15 v3.1.9a (3.1.9a)
 (/nix/store/ry4bcw2qpix1wz8klbg7ds8h6yap3xbg-texlive-combined-full-2021-final/share/texmf/tex/generic/pgf/modules/pgfmoduleshapes.code.tex
File: pgfmoduleshapes.code.tex 2021/05/15 v3.1.9a (3.1.9a)
\pgfnodeparttextbox=\box79
) (/nix/store/ry4bcw2qpix1wz8klbg7ds8h6yap3xbg-texlive-combined-full-2021-final/share/texmf/tex/generic/pgf/modules/pgfmoduleplot.code.tex
File: pgfmoduleplot.code.tex 2021/05/15 v3.1.9a (3.1.9a)
) (/nix/store/ry4bcw2qpix1wz8klbg7ds8h6yap3xbg-texlive-combined-full-2021-final/share/texmf/tex/latex/pgf/compatibility/pgfcomp-version-0-65.sty
Package: pgfcomp-version-0-65 2021/05/15 v3.1.9a (3.1.9a)
\pgf@nodesepstart=\dimen303
\pgf@nodesepend=\dimen304
) (/nix/store/ry4bcw2qpix1wz8klbg7ds8h6yap3xbg-texlive-combined-full-2021-final/share/texmf/tex/latex/pgf/compatibility/pgfcomp-version-1-18.sty
Package: pgfcomp-version-1-18 2021/05/15 v3.1.9a (3.1.9a)
)) (/nix/store/ry4bcw2qpix1wz8klbg7ds8h6yap3xbg-texlive-combined-full-2021-final/share/texmf/tex/latex/tools/verbatim.sty
Package: verbatim 2020-07-07 v1.5u LaTeX2e package for verbatim enhancements
\every@verbatim=\toks54
\verbatim@line=\toks55
\verbatim@in@stream=\read4
) (/nix/store/ry4bcw2qpix1wz8klbg7ds8h6yap3xbg-texlive-combined-full-2021-final/share/texmf/tex/latex/environ/environ.sty
Package: environ 2014/05/04 v0.3 A new way to define environments
 (/nix/store/ry4bcw2qpix1wz8klbg7ds8h6yap3xbg-texlive-combined-full-2021-final/share/texmf/tex/latex/trimspaces/trimspaces.sty
Package: trimspaces 2009/09/17 v1.1 Trim spaces around a token list
))
\tcb@titlebox=\box80
\tcb@upperbox=\box81
\tcb@lowerbox=\box82
\tcb@phantombox=\box83
\c@tcbbreakpart=\count355
\c@tcblayer=\count356
\c@tcolorbox@number=\count357
\tcb@temp=\box84
\tcb@temp=\box85
\tcb@temp=\box86
\tcb@temp=\box87
) (/nix/store/ry4bcw2qpix1wz8klbg7ds8h6yap3xbg-texlive-combined-full-2021-final/share/texmf/tex/latex/pstricks/pstricks.sty
Package: pstricks 2021/08/23 v0.71 LaTeX wrapper for `PSTricks' (RN,HV)
 (/nix/store/ry4bcw2qpix1wz8klbg7ds8h6yap3xbg-texlive-combined-full-2021-final/share/texmf/tex/generic/xkeyval/pst-xkey.tex
File: pst-xkey.tex 2005/11/25 v1.6 PSTricks specialization of xkeyval (HA)
 (/nix/store/ry4bcw2qpix1wz8klbg7ds8h6yap3xbg-texlive-combined-full-2021-final/share/texmf/tex/latex/xkeyval/xkeyval.sty
Package: xkeyval 2020/11/20 v2.8 package option processing (HA)
 (/nix/store/ry4bcw2qpix1wz8klbg7ds8h6yap3xbg-texlive-combined-full-2021-final/share/texmf/tex/generic/xkeyval/xkeyval.tex (/nix/store/ry4bcw2qpix1wz8klbg7ds8h6yap3xbg-texlive-combined-full-2021-final/share/texmf/tex/generic/xkeyval/xkvutils.tex
\XKV@toks=\toks56
\XKV@tempa@toks=\toks57
)
\XKV@depth=\count358
File: xkeyval.tex 2014/12/03 v2.7a key=value parser (HA)
))) (/nix/store/ry4bcw2qpix1wz8klbg7ds8h6yap3xbg-texlive-combined-full-2021-final/share/texmf/tex/generic/pstricks/pstricks.tex (/nix/store/ry4bcw2qpix1wz8klbg7ds8h6yap3xbg-texlive-combined-full-2021-final/share/texmf/tex/generic/pstricks/pst-fp.tex `pst-fp' v0.06, 2020/11/20 (hv)
\pstFP@xs=\count359
\pstFP@xia=\count360
\pstFP@xib=\count361
\pstFP@xfa=\count362
\pstFP@xfb=\count363
\pstFP@rega=\count364
\pstFP@regb=\count365
\pstFP@regs=\count366
\pstFP@times=\count367
)
\psLoopIndex=\count368

`PSTricks' v3.13  <2022/01/09> (tvz,hv)
\pst@dima=\dimen305
\pst@dimb=\dimen306
\pst@dimc=\dimen307
\pst@dimd=\dimen308
\pst@dimg=\dimen309
\pst@dimh=\dimen310
\pst@dimm=\dimen311
\pst@dimn=\dimen312
\pst@dimo=\dimen313
\pst@dimp=\dimen314
\pst@hbox=\box88
\pst@ibox=\box89
\pst@boxg=\box90
\pst@cnta=\count369
\pst@cntb=\count370
\pst@cntc=\count371
\pst@cntd=\count372
\pst@cntg=\count373
\pst@cnth=\count374
\pst@cntm=\count375
\pst@cntn=\count376
\pst@cnto=\count377
\pst@cntp=\count378
\@zero=\count379
\pst@toks=\toks58
--- We are running latex or xelatex ---
(/nix/store/ry4bcw2qpix1wz8klbg7ds8h6yap3xbg-texlive-combined-full-2021-final/share/texmf/tex/generic/pstricks/pstricks.con) (/nix/store/ry4bcw2qpix1wz8klbg7ds8h6yap3xbg-texlive-combined-full-2021-final/share/texmf/tex/generic/pstricks/pstricks-color.tex)
\psunit=\dimen315
\psxunit=\dimen316
\psyunit=\dimen317
\pst@C@@rType=\count380
\pslinewidth=\dimen318
\psk@startLW=\dimen319
\psk@endLW=\dimen320
 (/nix/store/ry4bcw2qpix1wz8klbg7ds8h6yap3xbg-texlive-combined-full-2021-final/share/texmf/tex/generic/pstricks/pstricks-arrows.tex
\pshooklength=\dimen321
\pshookwidth=\dimen322
)
\pst@customdefs=\toks59
 (/nix/store/ry4bcw2qpix1wz8klbg7ds8h6yap3xbg-texlive-combined-full-2021-final/share/texmf/tex/generic/pstricks/pstricks-dots.tex)
\pslinearc=\dimen323
\pst@symbolStep=\dimen324
\pst@symbolWidth=\dimen325
\pst@symbolLinewidth=\dimen326
\everypsbox=\toks60
\psframesep=\dimen327
\pslabelsep=\dimen328
\sh@wgridXunit=\dimen329
\sh@wgridYunit=\dimen330
\pst@shift=\dimen331
\ps@imagectr=\count381
 (/nix/store/ry4bcw2qpix1wz8klbg7ds8h6yap3xbg-texlive-combined-full-2021-final/share/texmf/tex/generic/pstricks/pstricks.con))
File: pstricks.tex 2022/01/09 v3.13 `PSTricks' (tvz,hv)
 (/nix/store/ry4bcw2qpix1wz8klbg7ds8h6yap3xbg-texlive-combined-full-2021-final/share/texmf/tex/generic/pstricks/pst-fp.tex `pst-fp' v0.06, 2020/11/20 (hv))
File: pst-fp.tex 2020/11/20 v0.06 `PST-fp' (hv)
) (/nix/store/ry4bcw2qpix1wz8klbg7ds8h6yap3xbg-texlive-combined-full-2021-final/share/texmf/tex/latex/biblatex/biblatex.sty
Package: biblatex 2022/02/02 v3.17 programmable bibliographies (PK/MW)
 (/nix/store/ry4bcw2qpix1wz8klbg7ds8h6yap3xbg-texlive-combined-full-2021-final/share/texmf/tex/latex/logreq/logreq.sty
Package: logreq 2010/08/04 v1.0 xml request logger
\lrq@indent=\count382
 (/nix/store/ry4bcw2qpix1wz8klbg7ds8h6yap3xbg-texlive-combined-full-2021-final/share/texmf/tex/latex/logreq/logreq.def
File: logreq.def 2010/08/04 v1.0 logreq spec v1.0
))
\c@tabx@nest=\count383
\c@listtotal=\count384
\c@listcount=\count385
\c@liststart=\count386
\c@liststop=\count387
\c@citecount=\count388
\c@citetotal=\count389
\c@multicitecount=\count390
\c@multicitetotal=\count391
\c@instcount=\count392
\c@maxnames=\count393
\c@minnames=\count394
\c@maxitems=\count395
\c@minitems=\count396
\c@citecounter=\count397
\c@maxcitecounter=\count398
\c@savedcitecounter=\count399
\c@uniquelist=\count400
\c@uniquename=\count401
\c@refsection=\count402
\c@refsegment=\count403
\c@maxextratitle=\count404
\c@maxextratitleyear=\count405
\c@maxextraname=\count406
\c@maxextradate=\count407
\c@maxextraalpha=\count408
\c@abbrvpenalty=\count409
\c@highnamepenalty=\count410
\c@lownamepenalty=\count411
\c@maxparens=\count412
\c@parenlevel=\count413
\blx@tempcnta=\count414
\blx@tempcntb=\count415
\blx@tempcntc=\count416
\c@blx@maxsection=\count417
\c@blx@maxsegment@0=\count418
\blx@notetype=\count419
\blx@parenlevel@text=\count420
\blx@parenlevel@foot=\count421
\c@blx@sectionciteorder@0=\count422
\blx@entrysetcounter=\count423
\blx@biblioinstance=\count424
\labelnumberwidth=\skip71
\labelalphawidth=\skip72
\biblabelsep=\skip73
\bibitemsep=\skip74
\bibnamesep=\skip75
\bibinitsep=\skip76
\bibparsep=\skip77
\bibhang=\skip78
\blx@bcfin=\read5
\blx@bcfout=\write5
\blx@langwohyphens=\language88
\c@mincomprange=\count425
\c@maxcomprange=\count426
\c@mincompwidth=\count427
Package biblatex Info: Trying to load biblatex default data model...
Package biblatex Info: ... file 'blx-dm.def' found.
 (/nix/store/ry4bcw2qpix1wz8klbg7ds8h6yap3xbg-texlive-combined-full-2021-final/share/texmf/tex/latex/biblatex/blx-dm.def
File: blx-dm.def 2022/02/02 v3.17 biblatex localization (PK/MW)
)
Package biblatex Info: Trying to load biblatex citestyle data model...
Package biblatex Info: ... file 'numeric-comp.dbx' not found.
Package biblatex Info: Trying to load biblatex bibstyle data model...
Package biblatex Info: ... file 'nature.dbx' not found.
Package biblatex Info: Trying to load biblatex custom data model...
Package biblatex Info: ... file 'biblatex-dm.cfg' not found.
\c@afterword=\count428
\c@savedafterword=\count429
\c@annotator=\count430
\c@savedannotator=\count431
\c@author=\count432
\c@savedauthor=\count433
\c@bookauthor=\count434
\c@savedbookauthor=\count435
\c@commentator=\count436
\c@savedcommentator=\count437
\c@editor=\count438
\c@savededitor=\count439
\c@editora=\count440
\c@savededitora=\count441
\c@editorb=\count442
\c@savededitorb=\count443
\c@editorc=\count444
\c@savededitorc=\count445
\c@foreword=\count446
\c@savedforeword=\count447
\c@holder=\count448
\c@savedholder=\count449
\c@introduction=\count450
\c@savedintroduction=\count451
\c@namea=\count452
\c@savednamea=\count453
\c@nameb=\count454
\c@savednameb=\count455
\c@namec=\count456
\c@savednamec=\count457
\c@translator=\count458
\c@savedtranslator=\count459
\c@shortauthor=\count460
\c@savedshortauthor=\count461
\c@shorteditor=\count462
\c@savedshorteditor=\count463
\c@labelname=\count464
\c@savedlabelname=\count465
\c@institution=\count466
\c@savedinstitution=\count467
\c@lista=\count468
\c@savedlista=\count469
\c@listb=\count470
\c@savedlistb=\count471
\c@listc=\count472
\c@savedlistc=\count473
\c@listd=\count474
\c@savedlistd=\count475
\c@liste=\count476
\c@savedliste=\count477
\c@listf=\count478
\c@savedlistf=\count479
\c@location=\count480
\c@savedlocation=\count481
\c@organization=\count482
\c@savedorganization=\count483
\c@origlocation=\count484
\c@savedoriglocation=\count485
\c@origpublisher=\count486
\c@savedorigpublisher=\count487
\c@publisher=\count488
\c@savedpublisher=\count489
\c@language=\count490
\c@savedlanguage=\count491
\c@origlanguage=\count492
\c@savedoriglanguage=\count493
\c@pageref=\count494
\c@savedpageref=\count495
\shorthandwidth=\skip79
\shortjournalwidth=\skip80
\shortserieswidth=\skip81
\shorttitlewidth=\skip82
\shortauthorwidth=\skip83
\shorteditorwidth=\skip84
\locallabelnumberwidth=\skip85
\locallabelalphawidth=\skip86
\localshorthandwidth=\skip87
\localshortjournalwidth=\skip88
\localshortserieswidth=\skip89
\localshorttitlewidth=\skip90
\localshortauthorwidth=\skip91
\localshorteditorwidth=\skip92
Package biblatex Info: Trying to load compatibility code...
Package biblatex Info: ... file 'blx-compat.def' found.
 (/nix/store/ry4bcw2qpix1wz8klbg7ds8h6yap3xbg-texlive-combined-full-2021-final/share/texmf/tex/latex/biblatex/blx-compat.def
File: blx-compat.def 2022/02/02 v3.17 biblatex compatibility (PK/MW)
)
Package biblatex Info: Trying to load generic definitions...
Package biblatex Info: ... file 'biblatex.def' found.
 (/nix/store/ry4bcw2qpix1wz8klbg7ds8h6yap3xbg-texlive-combined-full-2021-final/share/texmf/tex/latex/biblatex/biblatex.def
File: biblatex.def 2022/02/02 v3.17 biblatex compatibility (PK/MW)
\c@textcitecount=\count496
\c@textcitetotal=\count497
\c@textcitemaxnames=\count498
\c@biburlbigbreakpenalty=\count499
\c@biburlbreakpenalty=\count500
\c@biburlnumpenalty=\count501
\c@biburlucpenalty=\count502
\c@biburllcpenalty=\count503
\biburlbigskip=\muskip18
\biburlnumskip=\muskip19
\biburlucskip=\muskip20
\biburllcskip=\muskip21
\c@smartand=\count504
)
Package biblatex Info: Trying to load bibliography style 'nature'...
Package biblatex Info: ... file 'nature.bbx' found.
 (/nix/store/ry4bcw2qpix1wz8klbg7ds8h6yap3xbg-texlive-combined-full-2021-final/share/texmf/tex/latex/biblatex-nature/nature.bbx
File: nature.bbx 2020/12/30 v1.3d biblatex bibliography style
Package biblatex Info: Trying to load bibliography style 'numeric-comp'...
Package biblatex Info: ... file 'numeric-comp.bbx' found.
 (/nix/store/ry4bcw2qpix1wz8klbg7ds8h6yap3xbg-texlive-combined-full-2021-final/share/texmf/tex/latex/biblatex/bbx/numeric-comp.bbx
File: numeric-comp.bbx 2022/02/02 v3.17 biblatex bibliography style (PK/MW)
Package biblatex Info: Trying to load bibliography style 'numeric'...
Package biblatex Info: ... file 'numeric.bbx' found.
 (/nix/store/ry4bcw2qpix1wz8klbg7ds8h6yap3xbg-texlive-combined-full-2021-final/share/texmf/tex/latex/biblatex/bbx/numeric.bbx
File: numeric.bbx 2022/02/02 v3.17 biblatex bibliography style (PK/MW)
Package biblatex Info: Trying to load bibliography style 'standard'...
Package biblatex Info: ... file 'standard.bbx' found.
 (/nix/store/ry4bcw2qpix1wz8klbg7ds8h6yap3xbg-texlive-combined-full-2021-final/share/texmf/tex/latex/biblatex/bbx/standard.bbx
File: standard.bbx 2022/02/02 v3.17 biblatex bibliography style (PK/MW)
\c@bbx:relatedcount=\count505
\c@bbx:relatedtotal=\count506
))))
Package biblatex Info: Trying to load citation style 'numeric-comp'...
Package biblatex Info: ... file 'numeric-comp.cbx' found.
 (/nix/store/ry4bcw2qpix1wz8klbg7ds8h6yap3xbg-texlive-combined-full-2021-final/share/texmf/tex/latex/biblatex/cbx/numeric-comp.cbx
File: numeric-comp.cbx 2022/02/02 v3.17 biblatex citation style (PK/MW)
\c@cbx@tempcnta=\count507
\c@cbx@tempcntb=\count508
\c@cbx@tempcntc=\count509
\c@cbx@tempcntd=\count510
Package biblatex Info: Redefining '\cite'.
Package biblatex Info: Redefining '\parencite'.
Package biblatex Info: Redefining '\footcite'.
Package biblatex Info: Redefining '\footcitetext'.
Package biblatex Info: Redefining '\smartcite'.
Package biblatex Info: Redefining '\supercite'.
Package biblatex Info: Redefining '\textcite'.
Package biblatex Info: Redefining '\textcites'.
Package biblatex Info: Redefining '\cites'.
Package biblatex Info: Redefining '\parencites'.
Package biblatex Info: Redefining '\smartcites'.
)
Package biblatex Info: Trying to load configuration file...
Package biblatex Info: ... file 'biblatex.cfg' found.
 (/nix/store/ry4bcw2qpix1wz8klbg7ds8h6yap3xbg-texlive-combined-full-2021-final/share/texmf/tex/latex/biblatex/biblatex.cfg
File: biblatex.cfg 
)
Package biblatex Info: Input encoding 'utf8' detected.
Package biblatex Info: Document encoding is UTF8 ....
Package biblatex Info: ... and expl3
(biblatex)             2022-02-24 L3 programming layer (loader) 
(biblatex)             is new enough (at least 2020/04/06),
(biblatex)             setting 'casechanger=expl3'.
 (/nix/store/ry4bcw2qpix1wz8klbg7ds8h6yap3xbg-texlive-combined-full-2021-final/share/texmf/tex/latex/biblatex/blx-case-expl3.sty
Package: blx-case-expl3 2022/02/02 v3.17 expl3 case changing code for biblatex
)) (/nix/store/ry4bcw2qpix1wz8klbg7ds8h6yap3xbg-texlive-combined-full-2021-final/share/texmf/tex/latex/beamer/beamerouterthemeinfolines.sty) (/nix/store/ry4bcw2qpix1wz8klbg7ds8h6yap3xbg-texlive-combined-full-2021-final/share/texmf/tex/latex/beamer/beamerinnerthemerectangles.sty) (/nix/store/ry4bcw2qpix1wz8klbg7ds8h6yap3xbg-texlive-combined-full-2021-final/share/texmf/tex/latex/beamer/beamerfontthemeprofessionalfonts.sty) (/nix/store/ry4bcw2qpix1wz8klbg7ds8h6yap3xbg-texlive-combined-full-2021-final/share/texmf/tex/latex/beamer/beamercolorthemestructure.sty) (/nix/store/ry4bcw2qpix1wz8klbg7ds8h6yap3xbg-texlive-combined-full-2021-final/share/texmf/tex/latex/beamer/beamercolorthemesidebartab.sty) (/nix/store/ry4bcw2qpix1wz8klbg7ds8h6yap3xbg-texlive-combined-full-2021-final/share/texmf/tex/latex/beamer/beamercolorthemeorchid.sty) (/nix/store/ry4bcw2qpix1wz8klbg7ds8h6yap3xbg-texlive-combined-full-2021-final/share/texmf/tex/latex/beamer/beamercolorthemewhale.sty))
Package csquotes Info: Checking for multilingual support...
Package csquotes Info: ... found 'babel' package.
Package csquotes Info: Adjusting default style.
Package csquotes Info: Redefining alias 'default' -> 'english'.
 (./main.aux)
\openout1 = `main.aux'.

LaTeX Font Info:    Checking defaults for OML/cmm/m/it on input line 22.
LaTeX Font Info:    ... okay on input line 22.
LaTeX Font Info:    Checking defaults for OMS/cmsy/m/n on input line 22.
LaTeX Font Info:    ... okay on input line 22.
LaTeX Font Info:    Checking defaults for OT1/cmr/m/n on input line 22.
LaTeX Font Info:    ... okay on input line 22.
LaTeX Font Info:    Checking defaults for T1/cmr/m/n on input line 22.
LaTeX Font Info:    ... okay on input line 22.
LaTeX Font Info:    Checking defaults for TS1/cmr/m/n on input line 22.
LaTeX Font Info:    ... okay on input line 22.
LaTeX Font Info:    Checking defaults for OMX/cmex/m/n on input line 22.
LaTeX Font Info:    ... okay on input line 22.
LaTeX Font Info:    Checking defaults for U/cmr/m/n on input line 22.
LaTeX Font Info:    ... okay on input line 22.
LaTeX Font Info:    Checking defaults for PD1/pdf/m/n on input line 22.
LaTeX Font Info:    ... okay on input line 22.
LaTeX Font Info:    Checking defaults for PU/pdf/m/n on input line 22.
LaTeX Font Info:    ... okay on input line 22.

*geometry* driver: auto-detecting
*geometry* detected driver: pdftex
*geometry* verbose mode - [ preamble ] result:
* driver: pdftex
* paper: custom
* layout: <same size as paper>
* layoutoffset:(h,v)=(0.0pt,0.0pt)
* modes: includehead includefoot 
* h-part:(L,W,R)=(10.95003pt, 342.2953pt, 10.95003pt)
* v-part:(T,H,B)=(0.0pt, 273.14662pt, 0.0pt)
* \paperwidth=364.19536pt
* \paperheight=273.14662pt
* \textwidth=342.2953pt
* \textheight=244.6939pt
* \oddsidemargin=-61.31996pt
* \evensidemargin=-61.31996pt
* \topmargin=-72.26999pt
* \headheight=14.22636pt
* \headsep=0.0pt
* \topskip=11.0pt
* \footskip=14.22636pt
* \marginparwidth=4.0pt
* \marginparsep=10.0pt
* \columnsep=10.0pt
* \skip\footins=10.0pt plus 4.0pt minus 2.0pt
* \hoffset=0.0pt
* \voffset=0.0pt
* \mag=1000
* \@twocolumnfalse
* \@twosidefalse
* \@mparswitchfalse
* \@reversemarginfalse
* (1in=72.27pt=25.4mm, 1cm=28.453pt)

(/nix/store/ry4bcw2qpix1wz8klbg7ds8h6yap3xbg-texlive-combined-full-2021-final/share/texmf/tex/context/base/mkii/supp-pdf.mkii
[Loading MPS to PDF converter (version 2006.09.02).]
\scratchcounter=\count511
\scratchdimen=\dimen332
\scratchbox=\box91
\nofMPsegments=\count512
\nofMParguments=\count513
\everyMPshowfont=\toks61
\MPscratchCnt=\count514
\MPscratchDim=\dimen333
\MPnumerator=\count515
\makeMPintoPDFobject=\count516
\everyMPtoPDFconversion=\toks62
) (/nix/store/ry4bcw2qpix1wz8klbg7ds8h6yap3xbg-texlive-combined-full-2021-final/share/texmf/tex/latex/epstopdf-pkg/epstopdf-base.sty
Package: epstopdf-base 2020-01-24 v2.11 Base part for package epstopdf
Package epstopdf-base Info: Redefining graphics rule for `.eps' on input line 485.
 (/nix/store/ry4bcw2qpix1wz8klbg7ds8h6yap3xbg-texlive-combined-full-2021-final/share/texmf/tex/latex/latexconfig/epstopdf-sys.cfg
File: epstopdf-sys.cfg 2010/07/13 v1.3 Configuration of (r)epstopdf for TeX Live
))
Package hyperref Info: Link coloring OFF on input line 22.
 (/nix/store/ry4bcw2qpix1wz8klbg7ds8h6yap3xbg-texlive-combined-full-2021-final/share/texmf/tex/latex/hyperref/nameref.sty
Package: nameref 2021-04-02 v2.47 Cross-referencing by name of section
 (/nix/store/ry4bcw2qpix1wz8klbg7ds8h6yap3xbg-texlive-combined-full-2021-final/share/texmf/tex/latex/refcount/refcount.sty
Package: refcount 2019/12/15 v3.6 Data extraction from label references (HO)
) (/nix/store/ry4bcw2qpix1wz8klbg7ds8h6yap3xbg-texlive-combined-full-2021-final/share/texmf/tex/generic/gettitlestring/gettitlestring.sty
Package: gettitlestring 2019/12/15 v1.6 Cleanup title references (HO)
)
\c@section@level=\count517
)
LaTeX Info: Redefining \ref on input line 22.
LaTeX Info: Redefining \pageref on input line 22.
LaTeX Info: Redefining \nameref on input line 22.
 (./main.out) (./main.out)
\@outlinefile=\write6
\openout6 = `main.out'.

 (/nix/store/ry4bcw2qpix1wz8klbg7ds8h6yap3xbg-texlive-combined-full-2021-final/share/texmf/tex/latex/translator/translator-basic-dictionary-English.dict
Dictionary: translator-basic-dictionary, Language: English 
) (/nix/store/ry4bcw2qpix1wz8klbg7ds8h6yap3xbg-texlive-combined-full-2021-final/share/texmf/tex/latex/translator/translator-bibliography-dictionary-English.dict
Dictionary: translator-bibliography-dictionary, Language: English 
) (/nix/store/ry4bcw2qpix1wz8klbg7ds8h6yap3xbg-texlive-combined-full-2021-final/share/texmf/tex/latex/translator/translator-environment-dictionary-English.dict
Dictionary: translator-environment-dictionary, Language: English 
) (/nix/store/ry4bcw2qpix1wz8klbg7ds8h6yap3xbg-texlive-combined-full-2021-final/share/texmf/tex/latex/translator/translator-months-dictionary-English.dict
Dictionary: translator-months-dictionary, Language: English 
) (/nix/store/ry4bcw2qpix1wz8klbg7ds8h6yap3xbg-texlive-combined-full-2021-final/share/texmf/tex/latex/translator/translator-numbers-dictionary-English.dict
Dictionary: translator-numbers-dictionary, Language: English 
) (/nix/store/ry4bcw2qpix1wz8klbg7ds8h6yap3xbg-texlive-combined-full-2021-final/share/texmf/tex/latex/translator/translator-theorem-dictionary-English.dict
Dictionary: translator-theorem-dictionary, Language: English 
)
Package biblatex Info: Trying to load language 'english'...
Package biblatex Info: ... file 'english.lbx' found.
 (/nix/store/ry4bcw2qpix1wz8klbg7ds8h6yap3xbg-texlive-combined-full-2021-final/share/texmf/tex/latex/biblatex/lbx/english.lbx
File: english.lbx 2022/02/02 v3.17 biblatex localization (PK/MW)
)
Package biblatex Info: Input encoding 'utf8' detected.
Package biblatex Info: Automatic encoding selection.
(biblatex)             Assuming data encoding 'utf8'.
\openout5 = `main.bcf'.

Package biblatex Info: Trying to load bibliographic data...
Package biblatex Info: ... file 'main.bbl' found.
 (./main.bbl)
Package biblatex Info: Reference section=0 on input line 22.
Package biblatex Info: Reference segment=0 on input line 22.
 (./main.nav) [1
Non-PDF special ignored!
<special> header=pstricks.pro
Non-PDF special ignored!
<special> header=pst-algparser.pro
Non-PDF special ignored!
<special> header=pst-tools.pro
Non-PDF special ignored!
<special> header=pst-dots.pro

Non-PDF special ignored!
<special> ps: /pssetRGBcolor /setrgbcolor load def /pssetCMYKcolor /setcmyk...
Non-PDF special ignored!
<special> ps:tx@Dict begin  gsave STV CP T /ps@rot 0 def grestore  end
Non-PDF special ignored!
<special> ps:tx@Dict begin  gsave STV CP T /ps@refangle 0.  def grestore  e...
Non-PDF special ignored!
<special> ps:0.8 setlinewidth 0 setgray
{/nix/store/ry4bcw2qpix1wz8klbg7ds8h6yap3xbg-texlive-combined-full-2021-final/share/texmf-var/fonts/map/pdftex/updmap/pdftex.map}] (./main.toc) [2

] (./chapters/main.tex (./chapters/notations.tex) (./chapters/1-Generality/main.tex [3

] (./chapters/1-Generality/1-OptimizationProblem.tex (./main.toc) [4

]
LaTeX Font Info:    Trying to load font information for U+msa on input line 34.
 (/nix/store/ry4bcw2qpix1wz8klbg7ds8h6yap3xbg-texlive-combined-full-2021-final/share/texmf/tex/latex/amsfonts/umsa.fd
File: umsa.fd 2013/01/14 v3.01 AMS symbols A
)
LaTeX Font Info:    Trying to load font information for U+msb on input line 34.
 (/nix/store/ry4bcw2qpix1wz8klbg7ds8h6yap3xbg-texlive-combined-full-2021-final/share/texmf/tex/latex/amsfonts/umsb.fd
File: umsb.fd 2013/01/14 v3.01 AMS symbols B
) [5

]) (./chapters/1-Generality/2-Exemple.tex (./main.toc) [6

] [7

])) (./chapters/2-ADMM/main.tex [8

] (./chapters/2-ADMM/1-Definition.tex (./main.toc) [9

] [10

]) (./chapters/2-ADMM/2-Algorithm.tex (./main.toc) [11

]

LaTeX Font Warning: Font shape `OT1/cmss/m/sc' in size <10.95> not available
(Font)              Font shape `OT1/cmr/m/sc' tried instead on input line 28.

[12

]) (./chapters/2-ADMM/3-Exemple.tex (./main.toc) [13

] [14

] [15

] [16

] [17

] [18

] [19

] [20

] [21

] [22

])) (./chapters/3-SplitBregman/main.tex [23

] (./chapters/3-SplitBregman/1-Definition.tex (./main.toc) [24

] [25

]) (./chapters/3-SplitBregman/2-Algorithm.tex (./main.toc) [26

]) (./chapters/3-SplitBregman/3-Exemple.tex (./main.toc) [27

] [28

] [29

]
Overfull \hbox (69.4265pt too wide) detected at line 63
[]
 []

[30

]
Overfull \hbox (156.68573pt too wide) detected at line 90
[]
 []

[31

] [32

]
Overfull \hbox (99.50594pt too wide) detected at line 122
[]
 []

[33

]
Overfull \hbox (84.98117pt too wide) detected at line 210
[]
 []


Overfull \hbox (35.58257pt too wide) detected at line 210
[]
 []

[34

] [35

]
Overfull \hbox (135.8083pt too wide) detected at line 269
[]
 []


Overfull \vbox (1.30391pt too high) detected at line 269
 []

[36

]))) [37

]
\tf@nav=\write7
\openout7 = `main.nav'.

\tf@toc=\write8
\openout8 = `main.toc'.

\tf@snm=\write9
\openout9 = `main.snm'.

 (./main.aux)
Package rerunfilecheck Info: File `main.out' has not changed.
(rerunfilecheck)             Checksum: 737EB2A530018DB4334A662E1259C4E4;1128.
Package logreq Info: Writing requests to 'main.run.xml'.
\openout1 = `main.run.xml'.

 ) 
Here is how much of TeX's memory you used:
 36592 strings out of 478278
 747445 string characters out of 5819600
 1439980 words of memory out of 5000000
 53994 multiletter control sequences out of 15000+600000
 480635 words of font info for 72 fonts, out of 8000000 for 9000
 1141 hyphenation exceptions out of 8191
 128i,16n,122p,800b,2075s stack positions out of 5000i,500n,10000p,200000b,80000s
</nix/store/ry4bcw2qpix1wz8klbg7ds8h6yap3xbg-texlive-combined-full-2021-final/share/texmf/fonts/type1/public/amsfonts/cm/cmcsc10.pfb></nix/store/ry4bcw2qpix1wz8klbg7ds8h6yap3xbg-texlive-combined-full-2021-final/share/texmf/fonts/type1/public/amsfonts/cm/cmex10.pfb></nix/store/ry4bcw2qpix1wz8klbg7ds8h6yap3xbg-texlive-combined-full-2021-final/share/texmf/fonts/type1/public/amsfonts/cm/cmmi10.pfb></nix/store/ry4bcw2qpix1wz8klbg7ds8h6yap3xbg-texlive-combined-full-2021-final/share/texmf/fonts/type1/public/amsfonts/cm/cmmi12.pfb></nix/store/ry4bcw2qpix1wz8klbg7ds8h6yap3xbg-texlive-combined-full-2021-final/share/texmf/fonts/type1/public/amsfonts/cm/cmmi6.pfb></nix/store/ry4bcw2qpix1wz8klbg7ds8h6yap3xbg-texlive-combined-full-2021-final/share/texmf/fonts/type1/public/amsfonts/cm/cmmi8.pfb></nix/store/ry4bcw2qpix1wz8klbg7ds8h6yap3xbg-texlive-combined-full-2021-final/share/texmf/fonts/type1/public/amsfonts/cm/cmr10.pfb></nix/store/ry4bcw2qpix1wz8klbg7ds8h6yap3xbg-texlive-combined-full-2021-final/share/texmf/fonts/type1/public/amsfonts/cm/cmr12.pfb></nix/store/ry4bcw2qpix1wz8klbg7ds8h6yap3xbg-texlive-combined-full-2021-final/share/texmf/fonts/type1/public/amsfonts/cm/cmr8.pfb></nix/store/ry4bcw2qpix1wz8klbg7ds8h6yap3xbg-texlive-combined-full-2021-final/share/texmf/fonts/type1/public/amsfonts/cm/cmss10.pfb></nix/store/ry4bcw2qpix1wz8klbg7ds8h6yap3xbg-texlive-combined-full-2021-final/share/texmf/fonts/type1/public/amsfonts/cm/cmss12.pfb></nix/store/ry4bcw2qpix1wz8klbg7ds8h6yap3xbg-texlive-combined-full-2021-final/share/texmf/fonts/type1/public/amsfonts/cm/cmss8.pfb></nix/store/ry4bcw2qpix1wz8klbg7ds8h6yap3xbg-texlive-combined-full-2021-final/share/texmf/fonts/type1/public/amsfonts/cm/cmss9.pfb></nix/store/ry4bcw2qpix1wz8klbg7ds8h6yap3xbg-texlive-combined-full-2021-final/share/texmf/fonts/type1/public/amsfonts/cm/cmssbx10.pfb></nix/store/ry4bcw2qpix1wz8klbg7ds8h6yap3xbg-texlive-combined-full-2021-final/share/texmf/fonts/type1/public/amsfonts/cm/cmsy10.pfb></nix/store/ry4bcw2qpix1wz8klbg7ds8h6yap3xbg-texlive-combined-full-2021-final/share/texmf/fonts/type1/public/amsfonts/cm/cmsy8.pfb>
Output written on main.pdf (37 pages, 252915 bytes).
PDF statistics:
 1276 PDF objects out of 1440 (max. 8388607)
 1187 compressed objects within 12 object streams
 86 named destinations out of 1000 (max. 500000)
 131 words of extra memory for PDF output out of 10000 (max. 10000000)

